<?xml version="1.0" encoding="UTF-8"?>
<testng-results skipped="0" failed="0" total="1" passed="1">
  <reporter-output>
  </reporter-output>
  <suite name="Default suite" duration-ms="34" started-at="2019-09-11T03:58:29Z" finished-at="2019-09-11T03:58:29Z">
    <groups>
    </groups>
    <test name="Default test" duration-ms="34" started-at="2019-09-11T03:58:29Z" finished-at="2019-09-11T03:58:29Z">
      <class name="com.ProjectName.ModuleName.testCases.LoginToApplication">
        <test-method status="PASS" signature="loadingFiles()[pri:0, instance:com.ProjectName.ModuleName.testCases.LoginToApplication@78b729e6]" name="loadingFiles" is-config="true" duration-ms="14006" started-at="2019-09-11T09:28:15Z" finished-at="2019-09-11T09:28:29Z">
          <reporter-output>
          </reporter-output>
        </test-method> <!-- loadingFiles -->
        <test-method status="PASS" signature="loginApp()[pri:0, instance:com.ProjectName.ModuleName.testCases.LoginToApplication@78b729e6]" name="loginApp" duration-ms="11" started-at="2019-09-11T09:28:29Z" finished-at="2019-09-11T09:28:29Z">
          <reporter-output>
          </reporter-output>
        </test-method> <!-- loginApp -->
      </class> <!-- com.ProjectName.ModuleName.testCases.LoginToApplication -->
    </test> <!-- Default test -->
  </suite> <!-- Default suite -->
</testng-results>
